

Processing RegiaosController#index (for 127.0.0.1 at 2010-04-26 13:34:57) [GET]
  [4;36;1mSQL (0.1ms)[0m   [0;1mSET NAMES 'utf8'[0m
  [4;35;1mSQL (0.1ms)[0m   [0mSET SQL_AUTO_IS_NULL=0[0m
  [4;36;1mUser Columns (1.8ms)[0m   [0;1mSHOW FIELDS FROM `users`[0m
  [4;35;1mUser Load (0.4ms)[0m   [0mSELECT * FROM `users` WHERE (`users`.`id` = 1) LIMIT 1[0m
  [4;36;1mJoin Table Columns (1.2ms)[0m   [0;1mSHOW FIELDS FROM `roles_users`[0m
  [4;35;1mRole Load (0.4ms)[0m   [0mSELECT * FROM `roles` INNER JOIN `roles_users` ON `roles`.id = `roles_users`.role_id WHERE (`roles_users`.user_id = 1 ) [0m
  [4;36;1mRole Columns (0.7ms)[0m   [0;1mSHOW FIELDS FROM `roles`[0m
  [4;35;1mRegiao Load (0.4ms)[0m   [0mSELECT * FROM `regiaos` WHERE (nome like '%%') [0m
Rendering template within layouts/application
Rendering regiaos/index
  [4;36;1mRegiao Columns (0.8ms)[0m   [0;1mSHOW FIELDS FROM `regiaos`[0m
Completed in 178ms (View: 99, DB: 6) | 200 OK [http://localhost/regiaos]


Processing RegiaosController#index (for 127.0.0.1 at 2010-04-26 13:34:59) [GET]
  [4;35;1mSQL (0.1ms)[0m   [0mSET NAMES 'utf8'[0m
  [4;36;1mSQL (0.1ms)[0m   [0;1mSET SQL_AUTO_IS_NULL=0[0m
  [4;35;1mUser Columns (1.2ms)[0m   [0mSHOW FIELDS FROM `users`[0m
  [4;36;1mUser Load (0.3ms)[0m   [0;1mSELECT * FROM `users` WHERE (`users`.`id` = 1) LIMIT 1[0m
  [4;35;1mJoin Table Columns (0.7ms)[0m   [0mSHOW FIELDS FROM `roles_users`[0m
  [4;36;1mRole Load (0.3ms)[0m   [0;1mSELECT * FROM `roles` INNER JOIN `roles_users` ON `roles`.id = `roles_users`.role_id WHERE (`roles_users`.user_id = 1 ) [0m
  [4;35;1mRole Columns (0.6ms)[0m   [0mSHOW FIELDS FROM `roles`[0m
  [4;36;1mRegiao Load (0.4ms)[0m   [0;1mSELECT * FROM `regiaos` WHERE (nome like '%%') [0m
Rendering template within layouts/application
Rendering regiaos/index
  [4;35;1mRegiao Columns (0.8ms)[0m   [0mSHOW FIELDS FROM `regiaos`[0m
Completed in 125ms (View: 74, DB: 4) | 200 OK [http://localhost/regiaos]
